e:\itu\semester4\oop\final-project\calculator-finalproject\scientificcalculator\scientificcalculator\debug\vc140.pdb
e:\itu\semester4\oop\final-project\calculator-finalproject\scientificcalculator\scientificcalculator\debug\stat.obj
e:\itu\semester4\oop\final-project\calculator-finalproject\scientificcalculator\scientificcalculator\debug\.netframework,version=v4.5.2.assemblyattributes.obj
e:\itu\semester4\oop\final-project\calculator-finalproject\scientificcalculator\scientificcalculator\debug\.netframework,version=v4.5.2.assemblyattributes.asm
e:\itu\semester4\oop\final-project\calculator-finalproject\scientificcalculator\debug\scientificcalculator.exe
e:\itu\semester4\oop\final-project\calculator-finalproject\scientificcalculator\debug\scientificcalculator.pdb
e:\itu\semester4\oop\final-project\calculator-finalproject\scientificcalculator\scientificcalculator\debug\scientificcalculator.mainform.resources
e:\itu\semester4\oop\final-project\calculator-finalproject\scientificcalculator\scientificcalculator\debug\scientificcalculator.stat.resources
e:\itu\semester4\oop\final-project\calculator-finalproject\scientificcalculator\scientificcalculator\debug\scientificcalculator.vcxproj.generateresource.cache
e:\itu\semester4\oop\final-project\calculator-finalproject\scientificcalculator\scientificcalculator\debug\scientificcalculator.vcxprojresolveassemblyreference.cache
e:\itu\semester4\oop\final-project\calculator-finalproject\scientificcalculator\scientificcalculator\debug\scientif.4d23ea57.tlog\cl.command.1.tlog
e:\itu\semester4\oop\final-project\calculator-finalproject\scientificcalculator\scientificcalculator\debug\scientif.4d23ea57.tlog\cl.read.1.tlog
e:\itu\semester4\oop\final-project\calculator-finalproject\scientificcalculator\scientificcalculator\debug\scientif.4d23ea57.tlog\cl.write.1.tlog
e:\itu\semester4\oop\final-project\calculator-finalproject\scientificcalculator\scientificcalculator\debug\scientif.4d23ea57.tlog\link.command.1.tlog
e:\itu\semester4\oop\final-project\calculator-finalproject\scientificcalculator\scientificcalculator\debug\scientif.4d23ea57.tlog\link.read.1.tlog
e:\itu\semester4\oop\final-project\calculator-finalproject\scientificcalculator\scientificcalculator\debug\scientif.4d23ea57.tlog\link.write.1.tlog
e:\itu\semester4\oop\final-project\calculator-finalproject\scientificcalculator\scientificcalculator\debug\scientif.4d23ea57.tlog\metagen.read.1.tlog
e:\itu\semester4\oop\final-project\calculator-finalproject\scientificcalculator\scientificcalculator\debug\scientif.4d23ea57.tlog\metagen.write.1.tlog
e:\itu\semester4\oop\final-project\calculator-finalproject\scientificcalculator\scientificcalculator\debug\scientif.4d23ea57.tlog\scientificcalculator.write.1u.tlog
e:\itu\semester4\oop\final-project\calculator-finalproject\scientificcalculator\scientificcalculator\debug\scientif.4d23ea57.tlog\tzres.dll.bi
